# JRE version: Java(TM) SE Runtime Environment (8.0_91-b14) (build 1.8.0_91-b14)
# Java VM: Java HotSpot(TM) 64-Bit Server VM (25.91-b14 mixed mode linux-amd64 compressed oops)
Heap:
 PSYoungGen      total 175104K, used 17875K [0x00000000eab00000, 0x0000000100000000, 0x0000000100000000)
  eden space 115712K, 0% used [0x00000000eab00000,0x00000000eab00000,0x00000000f1c00000)
  from space 59392K, 30% used [0x00000000f1c00000,0x00000000f2d74ea8,0x00000000f5600000)
  to   space 105472K, 0% used [0x00000000f9900000,0x00000000f9900000,0x0000000100000000)
 ParOldGen       total 318976K, used 318919K [0x00000000c0000000, 0x00000000d3780000, 0x00000000eab00000)
  object space 318976K, 99% used [0x00000000c0000000,0x00000000d3771c18,0x00000000d3780000)
 Metaspace       used 5452K, capacity 6608K, committed 6784K, reserved 1056768K
  class space    used 528K, capacity 584K, committed 640K, reserved 1048576K
GC Heap History (10 events):
Event: 17.773 GC heap after
Heap after GC invocations=8 (full 3):
 PSYoungGen      total 92672K, used 0K [0x00000000eab00000, 0x00000000f1000000, 0x0000000100000000)
  eden space 89088K, 0% used [0x00000000eab00000,0x00000000eab00000,0x00000000f0200000)
  from space 3584K, 0% used [0x00000000f0c80000,0x00000000f0c80000,0x00000000f1000000)
  to   space 3584K, 0% used [0x00000000f0900000,0x00000000f0900000,0x00000000f0c80000)
 ParOldGen       total 242688K, used 163419K [0x00000000c0000000, 0x00000000ced00000, 0x00000000eab00000)
  object space 242688K, 67% used [0x00000000c0000000,0x00000000c9f96d88,0x00000000ced00000)
 Metaspace       used 5437K, capacity 6608K, committed 6784K, reserved 1056768K
  class space    used 527K, capacity 584K, committed 640K, reserved 1048576K
}
Event: 18.919 GC heap before
{Heap before GC invocations=9 (full 3):
 PSYoungGen      total 92672K, used 89088K [0x00000000eab00000, 0x00000000f1000000, 0x0000000100000000)
  eden space 89088K, 100% used [0x00000000eab00000,0x00000000f0200000,0x00000000f0200000)
  from space 3584K, 0% used [0x00000000f0c80000,0x00000000f0c80000,0x00000000f1000000)
  to   space 3584K, 0% used [0x00000000f0900000,0x00000000f0900000,0x00000000f0c80000)
 ParOldGen       total 242688K, used 163419K [0x00000000c0000000, 0x00000000ced00000, 0x00000000eab00000)
  object space 242688K, 67% used [0x00000000c0000000,0x00000000c9f96d88,0x00000000ced00000)
 Metaspace       used 5445K, capacity 6608K, committed 6784K, reserved 1056768K
  class space    used 527K, capacity 584K, committed 640K, reserved 1048576K
Event: 19.118 GC heap after
Heap after GC invocations=9 (full 3):
 PSYoungGen      total 99840K, used 3571K [0x00000000eab00000, 0x00000000f8400000, 0x0000000100000000)
  eden space 96256K, 0% used [0x00000000eab00000,0x00000000eab00000,0x00000000f0900000)
  from space 3584K, 99% used [0x00000000f0900000,0x00000000f0c7cfc8,0x00000000f0c80000)
  to   space 47104K, 0% used [0x00000000f5600000,0x00000000f5600000,0x00000000f8400000)
 ParOldGen       total 242688K, used 204904K [0x00000000c0000000, 0x00000000ced00000, 0x00000000eab00000)
  object space 242688K, 84% used [0x00000000c0000000,0x00000000cc81a2a0,0x00000000ced00000)
 Metaspace       used 5445K, capacity 6608K, committed 6784K, reserved 1056768K
  class space    used 527K, capacity 584K, committed 640K, reserved 1048576K
}
Event: 19.119 GC heap before
{Heap before GC invocations=10 (full 4):
 PSYoungGen      total 99840K, used 3571K [0x00000000eab00000, 0x00000000f8400000, 0x0000000100000000)
  eden space 96256K, 0% used [0x00000000eab00000,0x00000000eab00000,0x00000000f0900000)
  from space 3584K, 99% used [0x00000000f0900000,0x00000000f0c7cfc8,0x00000000f0c80000)
  to   space 47104K, 0% used [0x00000000f5600000,0x00000000f5600000,0x00000000f8400000)
 ParOldGen       total 242688K, used 204904K [0x00000000c0000000, 0x00000000ced00000, 0x00000000eab00000)
  object space 242688K, 84% used [0x00000000c0000000,0x00000000cc81a2a0,0x00000000ced00000)
 Metaspace       used 5445K, capacity 6608K, committed 6784K, reserved 1056768K
  class space    used 527K, capacity 584K, committed 640K, reserved 1048576K
Event: 20.586 GC heap after
Heap after GC invocations=10 (full 4):
 PSYoungGen      total 99840K, used 0K [0x00000000eab00000, 0x00000000f8400000, 0x0000000100000000)
  eden space 96256K, 0% used [0x00000000eab00000,0x00000000eab00000,0x00000000f0900000)
  from space 3584K, 0% used [0x00000000f0900000,0x00000000f0900000,0x00000000f0c80000)
  to   space 47104K, 0% used [0x00000000f5600000,0x00000000f5600000,0x00000000f8400000)
 ParOldGen       total 318976K, used 206187K [0x00000000c0000000, 0x00000000d3780000, 0x00000000eab00000)
  object space 318976K, 64% used [0x00000000c0000000,0x00000000cc95acd8,0x00000000d3780000)
 Metaspace       used 5445K, capacity 6608K, committed 6784K, reserved 1056768K
  class space    used 527K, capacity 584K, committed 640K, reserved 1048576K
}
Event: 22.288 GC heap before
{Heap before GC invocations=11 (full 4):
 PSYoungGen      total 99840K, used 96256K [0x00000000eab00000, 0x00000000f8400000, 0x0000000100000000)
  eden space 96256K, 100% used [0x00000000eab00000,0x00000000f0900000,0x00000000f0900000)
  from space 3584K, 0% used [0x00000000f0900000,0x00000000f0900000,0x00000000f0c80000)
  to   space 47104K, 0% used [0x00000000f5600000,0x00000000f5600000,0x00000000f8400000)
 ParOldGen       total 318976K, used 206187K [0x00000000c0000000, 0x00000000d3780000, 0x00000000eab00000)
  object space 318976K, 64% used [0x00000000c0000000,0x00000000cc95acd8,0x00000000d3780000)
 Metaspace       used 5451K, capacity 6608K, committed 6784K, reserved 1056768K
  class space    used 528K, capacity 584K, committed 640K, reserved 1048576K
Event: 22.443 GC heap after
Heap after GC invocations=11 (full 4):
 PSYoungGen      total 162816K, used 47098K [0x00000000eab00000, 0x00000000f9c80000, 0x0000000100000000)
  eden space 115712K, 0% used [0x00000000eab00000,0x00000000eab00000,0x00000000f1c00000)
  from space 47104K, 99% used [0x00000000f5600000,0x00000000f83fe8a8,0x00000000f8400000)
  to   space 59392K, 0% used [0x00000000f1c00000,0x00000000f1c00000,0x00000000f5600000)
 ParOldGen       total 318976K, used 212289K [0x00000000c0000000, 0x00000000d3780000, 0x00000000eab00000)
  object space 318976K, 66% used [0x00000000c0000000,0x00000000ccf504b0,0x00000000d3780000)
 Metaspace       used 5451K, capacity 6608K, committed 6784K, reserved 1056768K
  class space    used 528K, capacity 584K, committed 640K, reserved 1048576K
}
Event: 25.436 GC heap before
{Heap before GC invocations=12 (full 4):
 PSYoungGen      total 162816K, used 162810K [0x00000000eab00000, 0x00000000f9c80000, 0x0000000100000000)
  eden space 115712K, 100% used [0x00000000eab00000,0x00000000f1c00000,0x00000000f1c00000)
  from space 47104K, 99% used [0x00000000f5600000,0x00000000f83fe8a8,0x00000000f8400000)
  to   space 59392K, 0% used [0x00000000f1c00000,0x00000000f1c00000,0x00000000f5600000)
 ParOldGen       total 318976K, used 212289K [0x00000000c0000000, 0x00000000d3780000, 0x00000000eab00000)
  object space 318976K, 66% used [0x00000000c0000000,0x00000000ccf504b0,0x00000000d3780000)
 Metaspace       used 5452K, capacity 6608K, committed 6784K, reserved 1056768K
  class space    used 528K, capacity 584K, committed 640K, reserved 1048576K
Event: 37.053 GC heap after
Heap after GC invocations=12 (full 4):
 PSYoungGen      total 175104K, used 59388K [0x00000000eab00000, 0x0000000100000000, 0x0000000100000000)
  eden space 115712K, 0% used [0x00000000eab00000,0x00000000eab00000,0x00000000f1c00000)
  from space 59392K, 99% used [0x00000000f1c00000,0x00000000f55ff130,0x00000000f5600000)
  to   space 105472K, 0% used [0x00000000f9900000,0x00000000f9900000,0x0000000100000000)
 ParOldGen       total 318976K, used 282742K [0x00000000c0000000, 0x00000000d3780000, 0x00000000eab00000)
  object space 318976K, 88% used [0x00000000c0000000,0x00000000d141dae0,0x00000000d3780000)
 Metaspace       used 5452K, capacity 6608K, committed 6784K, reserved 1056768K
  class space    used 528K, capacity 584K, committed 640K, reserved 1048576K
}
Event: 37.054 GC heap before
{Heap before GC invocations=13 (full 5):
 PSYoungGen      total 175104K, used 59388K [0x00000000eab00000, 0x0000000100000000, 0x0000000100000000)
  eden space 115712K, 0% used [0x00000000eab00000,0x00000000eab00000,0x00000000f1c00000)
  from space 59392K, 99% used [0x00000000f1c00000,0x00000000f55ff130,0x00000000f5600000)
  to   space 105472K, 0% used [0x00000000f9900000,0x00000000f9900000,0x0000000100000000)
 ParOldGen       total 318976K, used 282742K [0x00000000c0000000, 0x00000000d3780000, 0x00000000eab00000)
  object space 318976K, 88% used [0x00000000c0000000,0x00000000d141dae0,0x00000000d3780000)
 Metaspace       used 5452K, capacity 6608K, committed 6784K, reserved 1056768K
  class space    used 528K, capacity 584K, committed 640K, reserved 1048576K

