# JRE version: Java(TM) SE Runtime Environment (8.0_91-b14) (build 1.8.0_91-b14)
# Java VM: Java HotSpot(TM) 64-Bit Server VM (25.91-b14 mixed mode linux-amd64 compressed oops)
Heap:
 PSYoungGen      total 532480K, used 16003K [0x00000000d5580000, 0x00000000fee00000, 0x0000000100000000)
  eden space 395264K, 0% used [0x00000000d5580000,0x00000000d5580000,0x00000000ed780000)
  from space 137216K, 11% used [0x00000000ed780000,0x00000000ee720e50,0x00000000f5d80000)
  to   space 131072K, 0% used [0x00000000f6e00000,0x00000000f6e00000,0x00000000fee00000)
 ParOldGen       total 515072K, used 514903K [0x0000000080000000, 0x000000009f700000, 0x00000000d5580000)
  object space 515072K, 99% used [0x0000000080000000,0x000000009f6d5ff8,0x000000009f700000)
 Metaspace       used 6222K, capacity 7216K, committed 7296K, reserved 1056768K
  class space    used 583K, capacity 616K, committed 640K, reserved 1048576K
GC Heap History (10 events):
Event: 49.945 GC heap after
Heap after GC invocations=21 (full 3):
 PSYoungGen      total 547840K, used 64986K [0x00000000d5580000, 0x0000000100000000, 0x0000000100000000)
  eden space 389120K, 0% used [0x00000000d5580000,0x00000000d5580000,0x00000000ed180000)
  from space 158720K, 40% used [0x00000000f6500000,0x00000000fa476800,0x0000000100000000)
  to   space 151040K, 0% used [0x00000000ed180000,0x00000000ed180000,0x00000000f6500000)
 ParOldGen       total 340480K, used 339270K [0x0000000080000000, 0x0000000094c80000, 0x00000000d5580000)
  object space 340480K, 99% used [0x0000000080000000,0x0000000094b51b98,0x0000000094c80000)
 Metaspace       used 6204K, capacity 7216K, committed 7296K, reserved 1056768K
  class space    used 582K, capacity 616K, committed 640K, reserved 1048576K
}
Event: 49.945 GC heap before
{Heap before GC invocations=22 (full 4):
 PSYoungGen      total 547840K, used 64986K [0x00000000d5580000, 0x0000000100000000, 0x0000000100000000)
  eden space 389120K, 0% used [0x00000000d5580000,0x00000000d5580000,0x00000000ed180000)
  from space 158720K, 40% used [0x00000000f6500000,0x00000000fa476800,0x0000000100000000)
  to   space 151040K, 0% used [0x00000000ed180000,0x00000000ed180000,0x00000000f6500000)
 ParOldGen       total 340480K, used 339270K [0x0000000080000000, 0x0000000094c80000, 0x00000000d5580000)
  object space 340480K, 99% used [0x0000000080000000,0x0000000094b51b98,0x0000000094c80000)
 Metaspace       used 6204K, capacity 7216K, committed 7296K, reserved 1056768K
  class space    used 582K, capacity 616K, committed 640K, reserved 1048576K
Event: 52.846 GC heap after
Heap after GC invocations=22 (full 4):
 PSYoungGen      total 547840K, used 7857K [0x00000000d5580000, 0x0000000100000000, 0x0000000100000000)
  eden space 389120K, 0% used [0x00000000d5580000,0x00000000d5580000,0x00000000ed180000)
  from space 158720K, 4% used [0x00000000f6500000,0x00000000f6cac630,0x0000000100000000)
  to   space 151040K, 0% used [0x00000000ed180000,0x00000000ed180000,0x00000000f6500000)
 ParOldGen       total 515072K, used 340390K [0x0000000080000000, 0x000000009f700000, 0x00000000d5580000)
  object space 515072K, 66% used [0x0000000080000000,0x0000000094c69a18,0x000000009f700000)
 Metaspace       used 6204K, capacity 7216K, committed 7296K, reserved 1056768K
  class space    used 582K, capacity 616K, committed 640K, reserved 1048576K
}
Event: 55.721 GC heap before
{Heap before GC invocations=23 (full 4):
 PSYoungGen      total 547840K, used 396977K [0x00000000d5580000, 0x0000000100000000, 0x0000000100000000)
  eden space 389120K, 100% used [0x00000000d5580000,0x00000000ed180000,0x00000000ed180000)
  from space 158720K, 4% used [0x00000000f6500000,0x00000000f6cac630,0x0000000100000000)
  to   space 151040K, 0% used [0x00000000ed180000,0x00000000ed180000,0x00000000f6500000)
 ParOldGen       total 515072K, used 340390K [0x0000000080000000, 0x000000009f700000, 0x00000000d5580000)
  object space 515072K, 66% used [0x0000000080000000,0x0000000094c69a18,0x000000009f700000)
 Metaspace       used 6214K, capacity 7216K, committed 7296K, reserved 1056768K
  class space    used 582K, capacity 616K, committed 640K, reserved 1048576K
Event: 56.133 GC heap after
Heap after GC invocations=23 (full 4):
 PSYoungGen      total 451584K, used 62442K [0x00000000d5580000, 0x00000000fe980000, 0x0000000100000000)
  eden space 389120K, 0% used [0x00000000d5580000,0x00000000d5580000,0x00000000ed180000)
  from space 62464K, 99% used [0x00000000ed180000,0x00000000f0e7a9e8,0x00000000f0e80000)
  to   space 143360K, 0% used [0x00000000f5d80000,0x00000000f5d80000,0x00000000fe980000)
 ParOldGen       total 515072K, used 347487K [0x0000000080000000, 0x000000009f700000, 0x00000000d5580000)
  object space 515072K, 67% used [0x0000000080000000,0x0000000095357dd8,0x000000009f700000)
 Metaspace       used 6214K, capacity 7216K, committed 7296K, reserved 1056768K
  class space    used 582K, capacity 616K, committed 640K, reserved 1048576K
}
Event: 58.481 GC heap before
{Heap before GC invocations=24 (full 4):
 PSYoungGen      total 451584K, used 451562K [0x00000000d5580000, 0x00000000fe980000, 0x0000000100000000)
  eden space 389120K, 100% used [0x00000000d5580000,0x00000000ed180000,0x00000000ed180000)
  from space 62464K, 99% used [0x00000000ed180000,0x00000000f0e7a9e8,0x00000000f0e80000)
  to   space 143360K, 0% used [0x00000000f5d80000,0x00000000f5d80000,0x00000000fe980000)
 ParOldGen       total 515072K, used 347487K [0x0000000080000000, 0x000000009f700000, 0x00000000d5580000)
  object space 515072K, 67% used [0x0000000080000000,0x0000000095357dd8,0x000000009f700000)
 Metaspace       used 6218K, capacity 7216K, committed 7296K, reserved 1056768K
  class space    used 582K, capacity 616K, committed 640K, reserved 1048576K
Event: 59.751 GC heap after
Heap after GC invocations=24 (full 4):
 PSYoungGen      total 538624K, used 65166K [0x00000000d5580000, 0x0000000100000000, 0x0000000100000000)
  eden space 395264K, 0% used [0x00000000d5580000,0x00000000d5580000,0x00000000ed780000)
  from space 143360K, 45% used [0x00000000f5d80000,0x00000000f9d23a28,0x00000000fe980000)
  to   space 137216K, 0% used [0x00000000ed780000,0x00000000ed780000,0x00000000f5d80000)
 ParOldGen       total 515072K, used 407166K [0x0000000080000000, 0x000000009f700000, 0x00000000d5580000)
  object space 515072K, 79% used [0x0000000080000000,0x0000000098d9fa70,0x000000009f700000)
 Metaspace       used 6218K, capacity 7216K, committed 7296K, reserved 1056768K
  class space    used 582K, capacity 616K, committed 640K, reserved 1048576K
}
Event: 71.481 GC heap before
{Heap before GC invocations=25 (full 4):
 PSYoungGen      total 538624K, used 460430K [0x00000000d5580000, 0x0000000100000000, 0x0000000100000000)
  eden space 395264K, 100% used [0x00000000d5580000,0x00000000ed780000,0x00000000ed780000)
  from space 143360K, 45% used [0x00000000f5d80000,0x00000000f9d23a28,0x00000000fe980000)
  to   space 137216K, 0% used [0x00000000ed780000,0x00000000ed780000,0x00000000f5d80000)
 ParOldGen       total 515072K, used 407166K [0x0000000080000000, 0x000000009f700000, 0x00000000d5580000)
  object space 515072K, 79% used [0x0000000080000000,0x0000000098d9fa70,0x000000009f700000)
 Metaspace       used 6222K, capacity 7216K, committed 7296K, reserved 1056768K
  class space    used 583K, capacity 616K, committed 640K, reserved 1048576K
Event: 77.482 GC heap after
Heap after GC invocations=25 (full 4):
 PSYoungGen      total 532480K, used 65411K [0x00000000d5580000, 0x00000000fee00000, 0x0000000100000000)
  eden space 395264K, 0% used [0x00000000d5580000,0x00000000d5580000,0x00000000ed780000)
  from space 137216K, 47% used [0x00000000ed780000,0x00000000f1760e78,0x00000000f5d80000)
  to   space 131072K, 0% used [0x00000000f6e00000,0x00000000f6e00000,0x00000000fee00000)
 ParOldGen       total 515072K, used 469729K [0x0000000080000000, 0x000000009f700000, 0x00000000d5580000)
  object space 515072K, 91% used [0x0000000080000000,0x000000009cab8650,0x000000009f700000)
 Metaspace       used 6222K, capacity 7216K, committed 7296K, reserved 1056768K
  class space    used 583K, capacity 616K, committed 640K, reserved 1048576K
}
Event: 77.483 GC heap before
{Heap before GC invocations=26 (full 5):
 PSYoungGen      total 532480K, used 65411K [0x00000000d5580000, 0x00000000fee00000, 0x0000000100000000)
  eden space 395264K, 0% used [0x00000000d5580000,0x00000000d5580000,0x00000000ed780000)
  from space 137216K, 47% used [0x00000000ed780000,0x00000000f1760e78,0x00000000f5d80000)
  to   space 131072K, 0% used [0x00000000f6e00000,0x00000000f6e00000,0x00000000fee00000)
 ParOldGen       total 515072K, used 469729K [0x0000000080000000, 0x000000009f700000, 0x00000000d5580000)
  object space 515072K, 91% used [0x0000000080000000,0x000000009cab8650,0x000000009f700000)
 Metaspace       used 6222K, capacity 7216K, committed 7296K, reserved 1056768K
  class space    used 583K, capacity 616K, committed 640K, reserved 1048576K

