# JRE version: Java(TM) SE Runtime Environment (8.0_91-b14) (build 1.8.0_91-b14)
# Java VM: Java HotSpot(TM) 64-Bit Server VM (25.91-b14 mixed mode linux-amd64 compressed oops)
Heap:
 PSYoungGen      total 450048K, used 72010K [0x00000000d5580000, 0x0000000100000000, 0x0000000100000000)
  eden space 289280K, 0% used [0x00000000d5580000,0x00000000d5580000,0x00000000e7000000)
  from space 160768K, 44% used [0x00000000f6300000,0x00000000fa952820,0x0000000100000000)
  to   space 204800K, 0% used [0x00000000e7000000,0x00000000e7000000,0x00000000f3800000)
 ParOldGen       total 449024K, used 448882K [0x0000000080000000, 0x000000009b680000, 0x00000000d5580000)
  object space 449024K, 99% used [0x0000000080000000,0x000000009b65cba8,0x000000009b680000)
 Metaspace       used 6220K, capacity 7216K, committed 7296K, reserved 1056768K
  class space    used 583K, capacity 616K, committed 640K, reserved 1048576K
GC Heap History (10 events):
Event: 39.993 GC heap after
Heap after GC invocations=17 (full 3):
 PSYoungGen      total 559104K, used 36583K [0x00000000d5580000, 0x0000000100000000, 0x0000000100000000)
  eden space 440832K, 0% used [0x00000000d5580000,0x00000000d5580000,0x00000000f0400000)
  from space 118272K, 30% used [0x00000000f8c80000,0x00000000fb039ce8,0x0000000100000000)
  to   space 129024K, 0% used [0x00000000f0400000,0x00000000f0400000,0x00000000f8200000)
 ParOldGen       total 444928K, used 292996K [0x0000000080000000, 0x000000009b280000, 0x00000000d5580000)
  object space 444928K, 65% used [0x0000000080000000,0x0000000091e21048,0x000000009b280000)
 Metaspace       used 6200K, capacity 7216K, committed 7296K, reserved 1056768K
  class space    used 582K, capacity 616K, committed 640K, reserved 1048576K
}
Event: 44.262 GC heap before
{Heap before GC invocations=18 (full 3):
 PSYoungGen      total 559104K, used 477415K [0x00000000d5580000, 0x0000000100000000, 0x0000000100000000)
  eden space 440832K, 100% used [0x00000000d5580000,0x00000000f0400000,0x00000000f0400000)
  from space 118272K, 30% used [0x00000000f8c80000,0x00000000fb039ce8,0x0000000100000000)
  to   space 129024K, 0% used [0x00000000f0400000,0x00000000f0400000,0x00000000f8200000)
 ParOldGen       total 444928K, used 292996K [0x0000000080000000, 0x000000009b280000, 0x00000000d5580000)
  object space 444928K, 65% used [0x0000000080000000,0x0000000091e21048,0x000000009b280000)
 Metaspace       used 6200K, capacity 7216K, committed 7296K, reserved 1056768K
  class space    used 582K, capacity 616K, committed 640K, reserved 1048576K
Event: 44.610 GC heap after
Heap after GC invocations=18 (full 3):
 PSYoungGen      total 523264K, used 82143K [0x00000000d5580000, 0x0000000100000000, 0x0000000100000000)
  eden space 440832K, 0% used [0x00000000d5580000,0x00000000d5580000,0x00000000f0400000)
  from space 82432K, 99% used [0x00000000f0400000,0x00000000f5437dd8,0x00000000f5480000)
  to   space 133120K, 0% used [0x00000000f7e00000,0x00000000f7e00000,0x0000000100000000)
 ParOldGen       total 444928K, used 292996K [0x0000000080000000, 0x000000009b280000, 0x00000000d5580000)
  object space 444928K, 65% used [0x0000000080000000,0x0000000091e21048,0x000000009b280000)
 Metaspace       used 6200K, capacity 7216K, committed 7296K, reserved 1056768K
  class space    used 582K, capacity 616K, committed 640K, reserved 1048576K
}
Event: 47.415 GC heap before
{Heap before GC invocations=19 (full 3):
 PSYoungGen      total 523264K, used 522975K [0x00000000d5580000, 0x0000000100000000, 0x0000000100000000)
  eden space 440832K, 100% used [0x00000000d5580000,0x00000000f0400000,0x00000000f0400000)
  from space 82432K, 99% used [0x00000000f0400000,0x00000000f5437dd8,0x00000000f5480000)
  to   space 133120K, 0% used [0x00000000f7e00000,0x00000000f7e00000,0x0000000100000000)
 ParOldGen       total 444928K, used 292996K [0x0000000080000000, 0x000000009b280000, 0x00000000d5580000)
  object space 444928K, 65% used [0x0000000080000000,0x0000000091e21048,0x000000009b280000)
 Metaspace       used 6213K, capacity 7216K, committed 7296K, reserved 1056768K
  class space    used 582K, capacity 616K, committed 640K, reserved 1048576K
Event: 47.775 GC heap after
Heap after GC invocations=19 (full 3):
 PSYoungGen      total 510464K, used 133105K [0x00000000d5580000, 0x0000000100000000, 0x0000000100000000)
  eden space 377344K, 0% used [0x00000000d5580000,0x00000000d5580000,0x00000000ec600000)
  from space 133120K, 99% used [0x00000000f7e00000,0x00000000ffffc4a8,0x0000000100000000)
  to   space 160768K, 0% used [0x00000000ec600000,0x00000000ec600000,0x00000000f6300000)
 ParOldGen       total 444928K, used 309787K [0x0000000080000000, 0x000000009b280000, 0x00000000d5580000)
  object space 444928K, 69% used [0x0000000080000000,0x0000000092e86c40,0x000000009b280000)
 Metaspace       used 6213K, capacity 7216K, committed 7296K, reserved 1056768K
  class space    used 582K, capacity 616K, committed 640K, reserved 1048576K
}
Event: 49.662 GC heap before
{Heap before GC invocations=20 (full 3):
 PSYoungGen      total 510464K, used 510449K [0x00000000d5580000, 0x0000000100000000, 0x0000000100000000)
  eden space 377344K, 100% used [0x00000000d5580000,0x00000000ec600000,0x00000000ec600000)
  from space 133120K, 99% used [0x00000000f7e00000,0x00000000ffffc4a8,0x0000000100000000)
  to   space 160768K, 0% used [0x00000000ec600000,0x00000000ec600000,0x00000000f6300000)
 ParOldGen       total 444928K, used 309787K [0x0000000080000000, 0x000000009b280000, 0x00000000d5580000)
  object space 444928K, 69% used [0x0000000080000000,0x0000000092e86c40,0x000000009b280000)
 Metaspace       used 6216K, capacity 7216K, committed 7296K, reserved 1056768K
  class space    used 582K, capacity 616K, committed 640K, reserved 1048576K
Event: 49.996 GC heap after
Heap after GC invocations=20 (full 3):
 PSYoungGen      total 538112K, used 160736K [0x00000000d5580000, 0x0000000100000000, 0x0000000100000000)
  eden space 377344K, 0% used [0x00000000d5580000,0x00000000d5580000,0x00000000ec600000)
  from space 160768K, 99% used [0x00000000ec600000,0x00000000f62f8098,0x00000000f6300000)
  to   space 160768K, 0% used [0x00000000f6300000,0x00000000f6300000,0x0000000100000000)
 ParOldGen       total 444928K, used 348350K [0x0000000080000000, 0x000000009b280000, 0x00000000d5580000)
  object space 444928K, 78% used [0x0000000080000000,0x000000009542f8c8,0x000000009b280000)
 Metaspace       used 6216K, capacity 7216K, committed 7296K, reserved 1056768K
  class space    used 582K, capacity 616K, committed 640K, reserved 1048576K
}
Event: 51.895 GC heap before
{Heap before GC invocations=21 (full 3):
 PSYoungGen      total 538112K, used 538080K [0x00000000d5580000, 0x0000000100000000, 0x0000000100000000)
  eden space 377344K, 100% used [0x00000000d5580000,0x00000000ec600000,0x00000000ec600000)
  from space 160768K, 99% used [0x00000000ec600000,0x00000000f62f8098,0x00000000f6300000)
  to   space 160768K, 0% used [0x00000000f6300000,0x00000000f6300000,0x0000000100000000)
 ParOldGen       total 444928K, used 348350K [0x0000000080000000, 0x000000009b280000, 0x00000000d5580000)
  object space 444928K, 78% used [0x0000000080000000,0x000000009542f8c8,0x000000009b280000)
 Metaspace       used 6220K, capacity 7216K, committed 7296K, reserved 1056768K
  class space    used 583K, capacity 616K, committed 640K, reserved 1048576K
Event: 60.527 GC heap after
Heap after GC invocations=21 (full 3):
 PSYoungGen      total 450048K, used 119537K [0x00000000d5580000, 0x0000000100000000, 0x0000000100000000)
  eden space 289280K, 0% used [0x00000000d5580000,0x00000000d5580000,0x00000000e7000000)
  from space 160768K, 74% used [0x00000000f6300000,0x00000000fd7bc570,0x0000000100000000)
  to   space 204800K, 0% used [0x00000000e7000000,0x00000000e7000000,0x00000000f3800000)
 ParOldGen       total 449024K, used 448466K [0x0000000080000000, 0x000000009b680000, 0x00000000d5580000)
  object space 449024K, 99% used [0x0000000080000000,0x000000009b5f4b38,0x000000009b680000)
 Metaspace       used 6220K, capacity 7216K, committed 7296K, reserved 1056768K
  class space    used 583K, capacity 616K, committed 640K, reserved 1048576K
}
Event: 60.527 GC heap before
{Heap before GC invocations=22 (full 4):
 PSYoungGen      total 450048K, used 119537K [0x00000000d5580000, 0x0000000100000000, 0x0000000100000000)
  eden space 289280K, 0% used [0x00000000d5580000,0x00000000d5580000,0x00000000e7000000)
  from space 160768K, 74% used [0x00000000f6300000,0x00000000fd7bc570,0x0000000100000000)
  to   space 204800K, 0% used [0x00000000e7000000,0x00000000e7000000,0x00000000f3800000)
 ParOldGen       total 449024K, used 448466K [0x0000000080000000, 0x000000009b680000, 0x00000000d5580000)
  object space 449024K, 99% used [0x0000000080000000,0x000000009b5f4b38,0x000000009b680000)
 Metaspace       used 6220K, capacity 7216K, committed 7296K, reserved 1056768K
  class space    used 583K, capacity 616K, committed 640K, reserved 1048576K

