# JRE version: Java(TM) SE Runtime Environment (8.0_91-b14) (build 1.8.0_91-b14)
# Java VM: Java HotSpot(TM) 64-Bit Server VM (25.91-b14 mixed mode linux-amd64 compressed oops)
Heap:
 PSYoungGen      total 232960K, used 0K [0x00000000eab00000, 0x0000000100000000, 0x0000000100000000)
  eden space 116736K, 0% used [0x00000000eab00000,0x00000000eab00000,0x00000000f1d00000)
  from space 116224K, 0% used [0x00000000f1d00000,0x00000000f1d00000,0x00000000f8e80000)
  to   space 116224K, 0% used [0x00000000f8e80000,0x00000000f8e80000,0x0000000100000000)
 ParOldGen       total 468992K, used 467780K [0x00000000c0000000, 0x00000000dca00000, 0x00000000eab00000)
  object space 468992K, 99% used [0x00000000c0000000,0x00000000dc8d1278,0x00000000dca00000)
 Metaspace       used 5461K, capacity 6608K, committed 6784K, reserved 1056768K
  class space    used 528K, capacity 584K, committed 640K, reserved 1048576K
GC Heap History (10 events):
Event: 26.688 GC heap after
Heap after GC invocations=11 (full 3):
 PSYoungGen      total 205824K, used 51556K [0x00000000eab00000, 0x0000000100000000, 0x0000000100000000)
  eden space 117760K, 0% used [0x00000000eab00000,0x00000000eab00000,0x00000000f1e00000)
  from space 88064K, 58% used [0x00000000fa080000,0x00000000fd2d9080,0x00000000ff680000)
  to   space 115712K, 0% used [0x00000000f1e00000,0x00000000f1e00000,0x00000000f8f00000)
 ParOldGen       total 328192K, used 211119K [0x00000000c0000000, 0x00000000d4080000, 0x00000000eab00000)
  object space 328192K, 64% used [0x00000000c0000000,0x00000000cce2bd60,0x00000000d4080000)
 Metaspace       used 5453K, capacity 6608K, committed 6784K, reserved 1056768K
  class space    used 528K, capacity 584K, committed 640K, reserved 1048576K
}
Event: 29.657 GC heap before
{Heap before GC invocations=12 (full 3):
 PSYoungGen      total 205824K, used 169316K [0x00000000eab00000, 0x0000000100000000, 0x0000000100000000)
  eden space 117760K, 100% used [0x00000000eab00000,0x00000000f1e00000,0x00000000f1e00000)
  from space 88064K, 58% used [0x00000000fa080000,0x00000000fd2d9080,0x00000000ff680000)
  to   space 115712K, 0% used [0x00000000f1e00000,0x00000000f1e00000,0x00000000f8f00000)
 ParOldGen       total 328192K, used 211119K [0x00000000c0000000, 0x00000000d4080000, 0x00000000eab00000)
  object space 328192K, 64% used [0x00000000c0000000,0x00000000cce2bd60,0x00000000d4080000)
 Metaspace       used 5453K, capacity 6608K, committed 6784K, reserved 1056768K
  class space    used 528K, capacity 584K, committed 640K, reserved 1048576K
Event: 30.038 GC heap after
Heap after GC invocations=12 (full 3):
 PSYoungGen      total 233472K, used 115684K [0x00000000eab00000, 0x0000000100000000, 0x0000000100000000)
  eden space 117760K, 0% used [0x00000000eab00000,0x00000000eab00000,0x00000000f1e00000)
  from space 115712K, 99% used [0x00000000f1e00000,0x00000000f8ef9340,0x00000000f8f00000)
  to   space 115712K, 0% used [0x00000000f8f00000,0x00000000f8f00000,0x0000000100000000)
 ParOldGen       total 328192K, used 233209K [0x00000000c0000000, 0x00000000d4080000, 0x00000000eab00000)
  object space 328192K, 71% used [0x00000000c0000000,0x00000000ce3be480,0x00000000d4080000)
 Metaspace       used 5453K, capacity 6608K, committed 6784K, reserved 1056768K
  class space    used 528K, capacity 584K, committed 640K, reserved 1048576K
}
Event: 31.465 GC heap before
{Heap before GC invocations=13 (full 3):
 PSYoungGen      total 233472K, used 233444K [0x00000000eab00000, 0x0000000100000000, 0x0000000100000000)
  eden space 117760K, 100% used [0x00000000eab00000,0x00000000f1e00000,0x00000000f1e00000)
  from space 115712K, 99% used [0x00000000f1e00000,0x00000000f8ef9340,0x00000000f8f00000)
  to   space 115712K, 0% used [0x00000000f8f00000,0x00000000f8f00000,0x0000000100000000)
 ParOldGen       total 328192K, used 233209K [0x00000000c0000000, 0x00000000d4080000, 0x00000000eab00000)
  object space 328192K, 71% used [0x00000000c0000000,0x00000000ce3be480,0x00000000d4080000)
 Metaspace       used 5458K, capacity 6608K, committed 6784K, reserved 1056768K
  class space    used 528K, capacity 584K, committed 640K, reserved 1048576K
Event: 37.200 GC heap after
Heap after GC invocations=13 (full 3):
 PSYoungGen      total 232448K, used 115692K [0x00000000eab00000, 0x0000000100000000, 0x0000000100000000)
  eden space 116736K, 0% used [0x00000000eab00000,0x00000000eab00000,0x00000000f1d00000)
  from space 115712K, 99% used [0x00000000f8f00000,0x00000000ffffb198,0x0000000100000000)
  to   space 116224K, 0% used [0x00000000f1d00000,0x00000000f1d00000,0x00000000f8e80000)
 ParOldGen       total 328192K, used 299960K [0x00000000c0000000, 0x00000000d4080000, 0x00000000eab00000)
  object space 328192K, 91% used [0x00000000c0000000,0x00000000d24ee2e8,0x00000000d4080000)
 Metaspace       used 5458K, capacity 6608K, committed 6784K, reserved 1056768K
  class space    used 528K, capacity 584K, committed 640K, reserved 1048576K
}
Event: 37.200 GC heap before
{Heap before GC invocations=14 (full 4):
 PSYoungGen      total 232448K, used 115692K [0x00000000eab00000, 0x0000000100000000, 0x0000000100000000)
  eden space 116736K, 0% used [0x00000000eab00000,0x00000000eab00000,0x00000000f1d00000)
  from space 115712K, 99% used [0x00000000f8f00000,0x00000000ffffb198,0x0000000100000000)
  to   space 116224K, 0% used [0x00000000f1d00000,0x00000000f1d00000,0x00000000f8e80000)
 ParOldGen       total 328192K, used 299960K [0x00000000c0000000, 0x00000000d4080000, 0x00000000eab00000)
  object space 328192K, 91% used [0x00000000c0000000,0x00000000d24ee2e8,0x00000000d4080000)
 Metaspace       used 5458K, capacity 6608K, committed 6784K, reserved 1056768K
  class space    used 528K, capacity 584K, committed 640K, reserved 1048576K
Event: 41.694 GC heap after
Heap after GC invocations=14 (full 4):
 PSYoungGen      total 232448K, used 82830K [0x00000000eab00000, 0x0000000100000000, 0x0000000100000000)
  eden space 116736K, 0% used [0x00000000eab00000,0x00000000eab00000,0x00000000f1d00000)
  from space 115712K, 71% used [0x00000000f8f00000,0x00000000fdfe3938,0x0000000100000000)
  to   space 116224K, 0% used [0x00000000f1d00000,0x00000000f1d00000,0x00000000f8e80000)
 ParOldGen       total 468992K, used 328040K [0x00000000c0000000, 0x00000000dca00000, 0x00000000eab00000)
  object space 468992K, 69% used [0x00000000c0000000,0x00000000d405a390,0x00000000dca00000)
 Metaspace       used 5458K, capacity 6608K, committed 6784K, reserved 1056768K
  class space    used 528K, capacity 584K, committed 640K, reserved 1048576K
}
Event: 42.770 GC heap before
{Heap before GC invocations=15 (full 4):
 PSYoungGen      total 232448K, used 199566K [0x00000000eab00000, 0x0000000100000000, 0x0000000100000000)
  eden space 116736K, 100% used [0x00000000eab00000,0x00000000f1d00000,0x00000000f1d00000)
  from space 115712K, 71% used [0x00000000f8f00000,0x00000000fdfe3938,0x0000000100000000)
  to   space 116224K, 0% used [0x00000000f1d00000,0x00000000f1d00000,0x00000000f8e80000)
 ParOldGen       total 468992K, used 328040K [0x00000000c0000000, 0x00000000dca00000, 0x00000000eab00000)
  object space 468992K, 69% used [0x00000000c0000000,0x00000000d405a390,0x00000000dca00000)
 Metaspace       used 5461K, capacity 6608K, committed 6784K, reserved 1056768K
  class space    used 528K, capacity 584K, committed 640K, reserved 1048576K
Event: 47.429 GC heap after
Heap after GC invocations=15 (full 4):
 PSYoungGen      total 232960K, used 59374K [0x00000000eab00000, 0x0000000100000000, 0x0000000100000000)
  eden space 116736K, 0% used [0x00000000eab00000,0x00000000eab00000,0x00000000f1d00000)
  from space 116224K, 51% used [0x00000000f1d00000,0x00000000f56fba00,0x00000000f8e80000)
  to   space 116224K, 0% used [0x00000000f8e80000,0x00000000f8e80000,0x0000000100000000)
 ParOldGen       total 468992K, used 411203K [0x00000000c0000000, 0x00000000dca00000, 0x00000000eab00000)
  object space 468992K, 87% used [0x00000000c0000000,0x00000000d9190f78,0x00000000dca00000)
 Metaspace       used 5461K, capacity 6608K, committed 6784K, reserved 1056768K
  class space    used 528K, capacity 584K, committed 640K, reserved 1048576K
}
Event: 47.429 GC heap before
{Heap before GC invocations=16 (full 5):
 PSYoungGen      total 232960K, used 59374K [0x00000000eab00000, 0x0000000100000000, 0x0000000100000000)
  eden space 116736K, 0% used [0x00000000eab00000,0x00000000eab00000,0x00000000f1d00000)
  from space 116224K, 51% used [0x00000000f1d00000,0x00000000f56fba00,0x00000000f8e80000)
  to   space 116224K, 0% used [0x00000000f8e80000,0x00000000f8e80000,0x0000000100000000)
 ParOldGen       total 468992K, used 411203K [0x00000000c0000000, 0x00000000dca00000, 0x00000000eab00000)
  object space 468992K, 87% used [0x00000000c0000000,0x00000000d9190f78,0x00000000dca00000)
 Metaspace       used 5461K, capacity 6608K, committed 6784K, reserved 1056768K
  class space    used 528K, capacity 584K, committed 640K, reserved 1048576K

