# JRE version: OpenJDK Runtime Environment (8.0_91-b14) (build 1.8.0_91-8u91-b14-3ubuntu1~16.04.1-b14)
# Java VM: OpenJDK 64-Bit Server VM (25.91-b14 mixed mode linux-amd64 compressed oops)
Heap:
 PSYoungGen      total 465920K, used 20645K [0x00000000d5580000, 0x0000000100000000, 0x0000000100000000)
  eden space 232960K, 0% used [0x00000000d5580000,0x00000000d5580000,0x00000000e3900000)
  from space 232960K, 8% used [0x00000000e3900000,0x00000000e4d29480,0x00000000f1c80000)
  to   space 232448K, 0% used [0x00000000f1d00000,0x00000000f1d00000,0x0000000100000000)
 ParOldGen       total 727040K, used 726649K [0x0000000080000000, 0x00000000ac600000, 0x00000000d5580000)
  object space 727040K, 99% used [0x0000000080000000,0x00000000ac59e620,0x00000000ac600000)
 Metaspace       used 6578K, capacity 7280K, committed 7552K, reserved 1056768K
  class space    used 598K, capacity 616K, committed 640K, reserved 1048576K
GC Heap History (10 events):
Event: 90.308 GC heap after
Heap after GC invocations=24 (full 5):
 PSYoungGen      total 510464K, used 101639K [0x00000000d5580000, 0x0000000100000000, 0x0000000100000000)
  eden space 344576K, 0% used [0x00000000d5580000,0x00000000d5580000,0x00000000ea600000)
  from space 165888K, 61% used [0x00000000ea600000,0x00000000f0941c38,0x00000000f4800000)
  to   space 168960K, 0% used [0x00000000f5b00000,0x00000000f5b00000,0x0000000100000000)
 ParOldGen       total 727040K, used 547315K [0x0000000080000000, 0x00000000ac600000, 0x00000000d5580000)
  object space 727040K, 75% used [0x0000000080000000,0x00000000a167cc88,0x00000000ac600000)
 Metaspace       used 6565K, capacity 7280K, committed 7552K, reserved 1056768K
  class space    used 597K, capacity 616K, committed 640K, reserved 1048576K
}
Event: 95.283 GC heap before
{Heap before GC invocations=25 (full 5):
 PSYoungGen      total 510464K, used 446215K [0x00000000d5580000, 0x0000000100000000, 0x0000000100000000)
  eden space 344576K, 100% used [0x00000000d5580000,0x00000000ea600000,0x00000000ea600000)
  from space 165888K, 61% used [0x00000000ea600000,0x00000000f0941c38,0x00000000f4800000)
  to   space 168960K, 0% used [0x00000000f5b00000,0x00000000f5b00000,0x0000000100000000)
 ParOldGen       total 727040K, used 547315K [0x0000000080000000, 0x00000000ac600000, 0x00000000d5580000)
  object space 727040K, 75% used [0x0000000080000000,0x00000000a167cc88,0x00000000ac600000)
 Metaspace       used 6569K, capacity 7280K, committed 7552K, reserved 1056768K
  class space    used 597K, capacity 616K, committed 640K, reserved 1048576K
Event: 97.879 GC heap after
Heap after GC invocations=25 (full 5):
 PSYoungGen      total 489984K, used 151238K [0x00000000d5580000, 0x0000000100000000, 0x0000000100000000)
  eden space 321024K, 0% used [0x00000000d5580000,0x00000000d5580000,0x00000000e8f00000)
  from space 168960K, 89% used [0x00000000f5b00000,0x00000000feeb1810,0x0000000100000000)
  to   space 188928K, 0% used [0x00000000e8f00000,0x00000000e8f00000,0x00000000f4780000)
 ParOldGen       total 727040K, used 547323K [0x0000000080000000, 0x00000000ac600000, 0x00000000d5580000)
  object space 727040K, 75% used [0x0000000080000000,0x00000000a167ec88,0x00000000ac600000)
 Metaspace       used 6569K, capacity 7280K, committed 7552K, reserved 1056768K
  class space    used 597K, capacity 616K, committed 640K, reserved 1048576K
}
Event: 107.925 GC heap before
{Heap before GC invocations=26 (full 5):
 PSYoungGen      total 489984K, used 472262K [0x00000000d5580000, 0x0000000100000000, 0x0000000100000000)
  eden space 321024K, 100% used [0x00000000d5580000,0x00000000e8f00000,0x00000000e8f00000)
  from space 168960K, 89% used [0x00000000f5b00000,0x00000000feeb1810,0x0000000100000000)
  to   space 188928K, 0% used [0x00000000e8f00000,0x00000000e8f00000,0x00000000f4780000)
 ParOldGen       total 727040K, used 547323K [0x0000000080000000, 0x00000000ac600000, 0x00000000d5580000)
  object space 727040K, 75% used [0x0000000080000000,0x00000000a167ec88,0x00000000ac600000)
 Metaspace       used 6575K, capacity 7280K, committed 7552K, reserved 1056768K
  class space    used 598K, capacity 616K, committed 640K, reserved 1048576K
Event: 108.264 GC heap after
Heap after GC invocations=26 (full 5):
 PSYoungGen      total 468992K, used 147775K [0x00000000d5580000, 0x0000000100000000, 0x0000000100000000)
  eden space 321024K, 0% used [0x00000000d5580000,0x00000000d5580000,0x00000000e8f00000)
  from space 147968K, 99% used [0x00000000e8f00000,0x00000000f1f4fca0,0x00000000f1f80000)
  to   space 203776K, 0% used [0x00000000f3900000,0x00000000f3900000,0x0000000100000000)
 ParOldGen       total 727040K, used 591447K [0x0000000080000000, 0x00000000ac600000, 0x00000000d5580000)
  object space 727040K, 81% used [0x0000000080000000,0x00000000a4195e98,0x00000000ac600000)
 Metaspace       used 6575K, capacity 7280K, committed 7552K, reserved 1056768K
  class space    used 598K, capacity 616K, committed 640K, reserved 1048576K
}
Event: 115.596 GC heap before
{Heap before GC invocations=27 (full 5):
 PSYoungGen      total 468992K, used 468799K [0x00000000d5580000, 0x0000000100000000, 0x0000000100000000)
  eden space 321024K, 100% used [0x00000000d5580000,0x00000000e8f00000,0x00000000e8f00000)
  from space 147968K, 99% used [0x00000000e8f00000,0x00000000f1f4fca0,0x00000000f1f80000)
  to   space 203776K, 0% used [0x00000000f3900000,0x00000000f3900000,0x0000000100000000)
 ParOldGen       total 727040K, used 591447K [0x0000000080000000, 0x00000000ac600000, 0x00000000d5580000)
  object space 727040K, 81% used [0x0000000080000000,0x00000000a4195e98,0x00000000ac600000)
 Metaspace       used 6576K, capacity 7280K, committed 7552K, reserved 1056768K
  class space    used 598K, capacity 616K, committed 640K, reserved 1048576K
Event: 116.939 GC heap after
Heap after GC invocations=27 (full 5):
 PSYoungGen      total 436736K, used 198104K [0x00000000d5580000, 0x0000000100000000, 0x0000000100000000)
  eden space 232960K, 0% used [0x00000000d5580000,0x00000000d5580000,0x00000000e3900000)
  from space 203776K, 97% used [0x00000000f3900000,0x00000000ffa76070,0x0000000100000000)
  to   space 232960K, 0% used [0x00000000e3900000,0x00000000e3900000,0x00000000f1c80000)
 ParOldGen       total 727040K, used 591447K [0x0000000080000000, 0x00000000ac600000, 0x00000000d5580000)
  object space 727040K, 81% used [0x0000000080000000,0x00000000a4195e98,0x00000000ac600000)
 Metaspace       used 6576K, capacity 7280K, committed 7552K, reserved 1056768K
  class space    used 598K, capacity 616K, committed 640K, reserved 1048576K
}
Event: 121.522 GC heap before
{Heap before GC invocations=28 (full 5):
 PSYoungGen      total 436736K, used 431064K [0x00000000d5580000, 0x0000000100000000, 0x0000000100000000)
  eden space 232960K, 100% used [0x00000000d5580000,0x00000000e3900000,0x00000000e3900000)
  from space 203776K, 97% used [0x00000000f3900000,0x00000000ffa76070,0x0000000100000000)
  to   space 232960K, 0% used [0x00000000e3900000,0x00000000e3900000,0x00000000f1c80000)
 ParOldGen       total 727040K, used 591447K [0x0000000080000000, 0x00000000ac600000, 0x00000000d5580000)
  object space 727040K, 81% used [0x0000000080000000,0x00000000a4195e98,0x00000000ac600000)
 Metaspace       used 6578K, capacity 7280K, committed 7552K, reserved 1056768K
  class space    used 598K, capacity 616K, committed 640K, reserved 1048576K
Event: 127.640 GC heap after
Heap after GC invocations=28 (full 5):
 PSYoungGen      total 465920K, used 129912K [0x00000000d5580000, 0x0000000100000000, 0x0000000100000000)
  eden space 232960K, 0% used [0x00000000d5580000,0x00000000d5580000,0x00000000e3900000)
  from space 232960K, 55% used [0x00000000e3900000,0x00000000eb7de228,0x00000000f1c80000)
  to   space 232448K, 0% used [0x00000000f1d00000,0x00000000f1d00000,0x0000000100000000)
 ParOldGen       total 727040K, used 697391K [0x0000000080000000, 0x00000000ac600000, 0x00000000d5580000)
  object space 727040K, 95% used [0x0000000080000000,0x00000000aa90be50,0x00000000ac600000)
 Metaspace       used 6578K, capacity 7280K, committed 7552K, reserved 1056768K
  class space    used 598K, capacity 616K, committed 640K, reserved 1048576K
}
Event: 128.519 GC heap before
{Heap before GC invocations=29 (full 6):
 PSYoungGen      total 465920K, used 129912K [0x00000000d5580000, 0x0000000100000000, 0x0000000100000000)
  eden space 232960K, 0% used [0x00000000d5580000,0x00000000d5580000,0x00000000e3900000)
  from space 232960K, 55% used [0x00000000e3900000,0x00000000eb7de228,0x00000000f1c80000)
  to   space 232448K, 0% used [0x00000000f1d00000,0x00000000f1d00000,0x0000000100000000)
 ParOldGen       total 727040K, used 697391K [0x0000000080000000, 0x00000000ac600000, 0x00000000d5580000)
  object space 727040K, 95% used [0x0000000080000000,0x00000000aa90be50,0x00000000ac600000)
 Metaspace       used 6578K, capacity 7280K, committed 7552K, reserved 1056768K
  class space    used 598K, capacity 616K, committed 640K, reserved 1048576K

