# JRE version: OpenJDK Runtime Environment (8.0_91-b14) (build 1.8.0_91-8u91-b14-3ubuntu1~16.04.1-b14)
# Java VM: OpenJDK 64-Bit Server VM (25.91-b14 mixed mode linux-amd64 compressed oops)
Heap:
 PSYoungGen      total 493056K, used 0K [0x00000000d5580000, 0x00000000ffe80000, 0x0000000100000000)
  eden space 297984K, 0% used [0x00000000d5580000,0x00000000d5580000,0x00000000e7880000)
  from space 195072K, 0% used [0x00000000e7880000,0x00000000e7880000,0x00000000f3700000)
  to   space 199680K, 0% used [0x00000000f3b80000,0x00000000f3b80000,0x00000000ffe80000)
 ParOldGen       total 618496K, used 588531K [0x0000000080000000, 0x00000000a5c00000, 0x00000000d5580000)
  object space 618496K, 95% used [0x0000000080000000,0x00000000a3ebcf90,0x00000000a5c00000)
 Metaspace       used 6579K, capacity 7280K, committed 7552K, reserved 1056768K
  class space    used 597K, capacity 616K, committed 640K, reserved 1048576K
GC Heap History (10 events):
Event: 57.050 GC heap after
Heap after GC invocations=17 (full 3):
 PSYoungGen      total 448512K, used 124395K [0x00000000d5580000, 0x0000000100000000, 0x0000000100000000)
  eden space 324096K, 0% used [0x00000000d5580000,0x00000000d5580000,0x00000000e9200000)
  from space 124416K, 99% used [0x00000000f8680000,0x00000000ffffae90,0x0000000100000000)
  to   space 187392K, 0% used [0x00000000e9200000,0x00000000e9200000,0x00000000f4900000)
 ParOldGen       total 401408K, used 401370K [0x0000000080000000, 0x0000000098800000, 0x00000000d5580000)
  object space 401408K, 99% used [0x0000000080000000,0x00000000987f69c8,0x0000000098800000)
 Metaspace       used 6578K, capacity 7280K, committed 7552K, reserved 1056768K
  class space    used 597K, capacity 616K, committed 640K, reserved 1048576K
}
Event: 57.050 GC heap before
{Heap before GC invocations=18 (full 4):
 PSYoungGen      total 448512K, used 124395K [0x00000000d5580000, 0x0000000100000000, 0x0000000100000000)
  eden space 324096K, 0% used [0x00000000d5580000,0x00000000d5580000,0x00000000e9200000)
  from space 124416K, 99% used [0x00000000f8680000,0x00000000ffffae90,0x0000000100000000)
  to   space 187392K, 0% used [0x00000000e9200000,0x00000000e9200000,0x00000000f4900000)
 ParOldGen       total 401408K, used 401370K [0x0000000080000000, 0x0000000098800000, 0x00000000d5580000)
  object space 401408K, 99% used [0x0000000080000000,0x00000000987f69c8,0x0000000098800000)
 Metaspace       used 6578K, capacity 7280K, committed 7552K, reserved 1056768K
  class space    used 597K, capacity 616K, committed 640K, reserved 1048576K
Event: 64.235 GC heap after
Heap after GC invocations=18 (full 4):
 PSYoungGen      total 448512K, used 109797K [0x00000000d5580000, 0x0000000100000000, 0x0000000100000000)
  eden space 324096K, 0% used [0x00000000d5580000,0x00000000d5580000,0x00000000e9200000)
  from space 124416K, 88% used [0x00000000f8680000,0x00000000ff1b9708,0x0000000100000000)
  to   space 187392K, 0% used [0x00000000e9200000,0x00000000e9200000,0x00000000f4900000)
 ParOldGen       total 618496K, used 401312K [0x0000000080000000, 0x00000000a5c00000, 0x00000000d5580000)
  object space 618496K, 64% used [0x0000000080000000,0x00000000987e8090,0x00000000a5c00000)
 Metaspace       used 6578K, capacity 7280K, committed 7552K, reserved 1056768K
  class space    used 597K, capacity 616K, committed 640K, reserved 1048576K
}
Event: 65.973 GC heap before
{Heap before GC invocations=19 (full 4):
 PSYoungGen      total 448512K, used 433893K [0x00000000d5580000, 0x0000000100000000, 0x0000000100000000)
  eden space 324096K, 100% used [0x00000000d5580000,0x00000000e9200000,0x00000000e9200000)
  from space 124416K, 88% used [0x00000000f8680000,0x00000000ff1b9708,0x0000000100000000)
  to   space 187392K, 0% used [0x00000000e9200000,0x00000000e9200000,0x00000000f4900000)
 ParOldGen       total 618496K, used 401312K [0x0000000080000000, 0x00000000a5c00000, 0x00000000d5580000)
  object space 618496K, 64% used [0x0000000080000000,0x00000000987e8090,0x00000000a5c00000)
 Metaspace       used 6579K, capacity 7280K, committed 7552K, reserved 1056768K
  class space    used 597K, capacity 616K, committed 640K, reserved 1048576K
Event: 69.272 GC heap after
Heap after GC invocations=19 (full 4):
 PSYoungGen      total 471552K, used 147222K [0x00000000d5580000, 0x0000000100000000, 0x0000000100000000)
  eden space 324096K, 0% used [0x00000000d5580000,0x00000000d5580000,0x00000000e9200000)
  from space 147456K, 99% used [0x00000000e9200000,0x00000000f21c59c0,0x00000000f2200000)
  to   space 205824K, 0% used [0x00000000f3700000,0x00000000f3700000,0x0000000100000000)
 ParOldGen       total 618496K, used 480046K [0x0000000080000000, 0x00000000a5c00000, 0x00000000d5580000)
  object space 618496K, 77% used [0x0000000080000000,0x000000009d4cb840,0x00000000a5c00000)
 Metaspace       used 6579K, capacity 7280K, committed 7552K, reserved 1056768K
  class space    used 597K, capacity 616K, committed 640K, reserved 1048576K
}
Event: 71.061 GC heap before
{Heap before GC invocations=20 (full 4):
 PSYoungGen      total 471552K, used 471318K [0x00000000d5580000, 0x0000000100000000, 0x0000000100000000)
  eden space 324096K, 100% used [0x00000000d5580000,0x00000000e9200000,0x00000000e9200000)
  from space 147456K, 99% used [0x00000000e9200000,0x00000000f21c59c0,0x00000000f2200000)
  to   space 205824K, 0% used [0x00000000f3700000,0x00000000f3700000,0x0000000100000000)
 ParOldGen       total 618496K, used 480046K [0x0000000080000000, 0x00000000a5c00000, 0x00000000d5580000)
  object space 618496K, 77% used [0x0000000080000000,0x000000009d4cb840,0x00000000a5c00000)
 Metaspace       used 6579K, capacity 7280K, committed 7552K, reserved 1056768K
  class space    used 597K, capacity 616K, committed 640K, reserved 1048576K
Event: 72.547 GC heap after
Heap after GC invocations=20 (full 4):
 PSYoungGen      total 503808K, used 78794K [0x00000000d5580000, 0x0000000100000000, 0x0000000100000000)
  eden space 297984K, 0% used [0x00000000d5580000,0x00000000d5580000,0x00000000e7880000)
  from space 205824K, 38% used [0x00000000f3700000,0x00000000f83f2af0,0x0000000100000000)
  to   space 195072K, 0% used [0x00000000e7880000,0x00000000e7880000,0x00000000f3700000)
 ParOldGen       total 618496K, used 515080K [0x0000000080000000, 0x00000000a5c00000, 0x00000000d5580000)
  object space 618496K, 83% used [0x0000000080000000,0x000000009f702208,0x00000000a5c00000)
 Metaspace       used 6579K, capacity 7280K, committed 7552K, reserved 1056768K
  class space    used 597K, capacity 616K, committed 640K, reserved 1048576K
}
Event: 73.577 GC heap before
{Heap before GC invocations=21 (full 4):
 PSYoungGen      total 503808K, used 376778K [0x00000000d5580000, 0x0000000100000000, 0x0000000100000000)
  eden space 297984K, 100% used [0x00000000d5580000,0x00000000e7880000,0x00000000e7880000)
  from space 205824K, 38% used [0x00000000f3700000,0x00000000f83f2af0,0x0000000100000000)
  to   space 195072K, 0% used [0x00000000e7880000,0x00000000e7880000,0x00000000f3700000)
 ParOldGen       total 618496K, used 515080K [0x0000000080000000, 0x00000000a5c00000, 0x00000000d5580000)
  object space 618496K, 83% used [0x0000000080000000,0x000000009f702208,0x00000000a5c00000)
 Metaspace       used 6579K, capacity 7280K, committed 7552K, reserved 1056768K
  class space    used 597K, capacity 616K, committed 640K, reserved 1048576K
Event: 76.958 GC heap after
Heap after GC invocations=21 (full 4):
 PSYoungGen      total 493056K, used 119285K [0x00000000d5580000, 0x00000000ffe80000, 0x0000000100000000)
  eden space 297984K, 0% used [0x00000000d5580000,0x00000000d5580000,0x00000000e7880000)
  from space 195072K, 61% used [0x00000000e7880000,0x00000000eecfd578,0x00000000f3700000)
  to   space 199680K, 0% used [0x00000000f3b80000,0x00000000f3b80000,0x00000000ffe80000)
 ParOldGen       total 618496K, used 590975K [0x0000000080000000, 0x00000000a5c00000, 0x00000000d5580000)
  object space 618496K, 95% used [0x0000000080000000,0x00000000a411ffa8,0x00000000a5c00000)
 Metaspace       used 6579K, capacity 7280K, committed 7552K, reserved 1056768K
  class space    used 597K, capacity 616K, committed 640K, reserved 1048576K
}
Event: 76.958 GC heap before
{Heap before GC invocations=22 (full 5):
 PSYoungGen      total 493056K, used 119285K [0x00000000d5580000, 0x00000000ffe80000, 0x0000000100000000)
  eden space 297984K, 0% used [0x00000000d5580000,0x00000000d5580000,0x00000000e7880000)
  from space 195072K, 61% used [0x00000000e7880000,0x00000000eecfd578,0x00000000f3700000)
  to   space 199680K, 0% used [0x00000000f3b80000,0x00000000f3b80000,0x00000000ffe80000)
 ParOldGen       total 618496K, used 590975K [0x0000000080000000, 0x00000000a5c00000, 0x00000000d5580000)
  object space 618496K, 95% used [0x0000000080000000,0x00000000a411ffa8,0x00000000a5c00000)
 Metaspace       used 6579K, capacity 7280K, committed 7552K, reserved 1056768K
  class space    used 597K, capacity 616K, committed 640K, reserved 1048576K

